<?xml version="1.0" encoding="UTF-8"?>
<!-- Generated by org.testng.reporters.JUnitReportReporter -->
<testsuite skipped="0" hostname="atuls-PC" name="tmssandbox.api.CategoriesGetDetailsCatalouge" tests="1" failures="0" timestamp="24 Aug 2018 11:04:50 GMT" time="3.762" errors="0">
  <testcase name="Test_01_getDetails" time="3.762" classname="tmssandbox.api.CategoriesGetDetailsCatalouge"/>
</testsuite> <!-- tmssandbox.api.CategoriesGetDetailsCatalouge -->
