<?xml version="1.0" encoding="UTF-8"?>
<!-- Generated by org.testng.reporters.JUnitReportReporter -->
<testsuite skipped="0" hostname="atuls-MacBook-Air.local" name="tmssandbox.api.CategoriesGetDetails" tests="1" failures="0" timestamp="21 Aug 2018 11:58:22 GMT" time="2.872" errors="0">
  <testcase name="getDetailsTest" time="2.872" classname="tmssandbox.api.CategoriesGetDetails"/>
</testsuite> <!-- tmssandbox.api.CategoriesGetDetails -->
